<?xml version="1.0" encoding="UTF-8"?>
<!-- Generated by org.testng.reporters.JUnitReportReporter -->
<testsuite hostname="DESKTOP-O7C19DQ" name="com.jass.tests.LoginTests" tests="1" failures="0" timestamp="27 Jan 2017 03:14:12 GMT" time="12.334" errors="0">
  <testcase name="testcase01" time="12.334" classname="com.jass.tests.LoginTests"/>
</testsuite> <!-- com.jass.tests.LoginTests -->
